Determining if the pthread_create exist failed with the following output:
Change Dir: /home/minieye/桌面/ProjVedio/build/CMakeFiles/CMakeTmp

Run Build Command:"/usr/bin/make" "cmTC_f91c2/fast"
/usr/bin/make -f CMakeFiles/cmTC_f91c2.dir/build.make CMakeFiles/cmTC_f91c2.dir/build
make[1]: Entering directory '/home/minieye/桌面/ProjVedio/build/CMakeFiles/CMakeTmp'
Building C object CMakeFiles/cmTC_f91c2.dir/CheckSymbolExists.c.o
/usr/bin/cc     -o CMakeFiles/cmTC_f91c2.dir/CheckSymbolExists.c.o   -c /home/minieye/桌面/ProjVedio/build/CMakeFiles/CMakeTmp/CheckSymbolExists.c
Linking C executable cmTC_f91c2
/usr/bin/cmake -E cmake_link_script CMakeFiles/cmTC_f91c2.dir/link.txt --verbose=1
/usr/bin/cc       CMakeFiles/cmTC_f91c2.dir/CheckSymbolExists.c.o  -o cmTC_f91c2 -rdynamic 
CMakeFiles/cmTC_f91c2.dir/CheckSymbolExists.c.o：在函数‘main’中：
CheckSymbolExists.c:(.text+0x16)：对‘pthread_create’未定义的引用
collect2: error: ld returned 1 exit status
CMakeFiles/cmTC_f91c2.dir/build.make:97: recipe for target 'cmTC_f91c2' failed
make[1]: *** [cmTC_f91c2] Error 1
make[1]: Leaving directory '/home/minieye/桌面/ProjVedio/build/CMakeFiles/CMakeTmp'
Makefile:126: recipe for target 'cmTC_f91c2/fast' failed
make: *** [cmTC_f91c2/fast] Error 2

File /home/minieye/桌面/ProjVedio/build/CMakeFiles/CMakeTmp/CheckSymbolExists.c:
/* */
#include <pthread.h>

int main(int argc, char** argv)
{
  (void)argv;
#ifndef pthread_create
  return ((int*)(&pthread_create))[argc];
#else
  (void)argc;
  return 0;
#endif
}

Determining if the function pthread_create exists in the pthreads failed with the following output:
Change Dir: /home/minieye/桌面/ProjVedio/build/CMakeFiles/CMakeTmp

Run Build Command:"/usr/bin/make" "cmTC_39a0f/fast"
/usr/bin/make -f CMakeFiles/cmTC_39a0f.dir/build.make CMakeFiles/cmTC_39a0f.dir/build
make[1]: Entering directory '/home/minieye/桌面/ProjVedio/build/CMakeFiles/CMakeTmp'
Building C object CMakeFiles/cmTC_39a0f.dir/CheckFunctionExists.c.o
/usr/bin/cc    -DCHECK_FUNCTION_EXISTS=pthread_create   -o CMakeFiles/cmTC_39a0f.dir/CheckFunctionExists.c.o   -c /usr/share/cmake-3.5/Modules/CheckFunctionExists.c
Linking C executable cmTC_39a0f
/usr/bin/cmake -E cmake_link_script CMakeFiles/cmTC_39a0f.dir/link.txt --verbose=1
/usr/bin/cc   -DCHECK_FUNCTION_EXISTS=pthread_create    CMakeFiles/cmTC_39a0f.dir/CheckFunctionExists.c.o  -o cmTC_39a0f -rdynamic -lpthreads 
/usr/bin/ld: 找不到 -lpthreads
collect2: error: ld returned 1 exit status
CMakeFiles/cmTC_39a0f.dir/build.make:97: recipe for target 'cmTC_39a0f' failed
make[1]: *** [cmTC_39a0f] Error 1
make[1]: Leaving directory '/home/minieye/桌面/ProjVedio/build/CMakeFiles/CMakeTmp'
Makefile:126: recipe for target 'cmTC_39a0f/fast' failed
make: *** [cmTC_39a0f/fast] Error 2


