Determining if the pthread_create exist failed with the following output:
Change Dir: /home/minieye/桌面/calib/build/CMakeFiles/CMakeTmp

Run Build Command:"/usr/bin/make" "cmTC_3ae68/fast"
/usr/bin/make -f CMakeFiles/cmTC_3ae68.dir/build.make CMakeFiles/cmTC_3ae68.dir/build
make[1]: Entering directory '/home/minieye/桌面/calib/build/CMakeFiles/CMakeTmp'
Building C object CMakeFiles/cmTC_3ae68.dir/CheckSymbolExists.c.o
/usr/bin/cc     -o CMakeFiles/cmTC_3ae68.dir/CheckSymbolExists.c.o   -c /home/minieye/桌面/calib/build/CMakeFiles/CMakeTmp/CheckSymbolExists.c
Linking C executable cmTC_3ae68
/usr/bin/cmake -E cmake_link_script CMakeFiles/cmTC_3ae68.dir/link.txt --verbose=1
/usr/bin/cc       CMakeFiles/cmTC_3ae68.dir/CheckSymbolExists.c.o  -o cmTC_3ae68 -rdynamic 
CMakeFiles/cmTC_3ae68.dir/CheckSymbolExists.c.o：在函数‘main’中：
CheckSymbolExists.c:(.text+0x16)：对‘pthread_create’未定义的引用
collect2: error: ld returned 1 exit status
CMakeFiles/cmTC_3ae68.dir/build.make:97: recipe for target 'cmTC_3ae68' failed
make[1]: *** [cmTC_3ae68] Error 1
make[1]: Leaving directory '/home/minieye/桌面/calib/build/CMakeFiles/CMakeTmp'
Makefile:126: recipe for target 'cmTC_3ae68/fast' failed
make: *** [cmTC_3ae68/fast] Error 2

File /home/minieye/桌面/calib/build/CMakeFiles/CMakeTmp/CheckSymbolExists.c:
/* */
#include <pthread.h>

int main(int argc, char** argv)
{
  (void)argv;
#ifndef pthread_create
  return ((int*)(&pthread_create))[argc];
#else
  (void)argc;
  return 0;
#endif
}

Determining if the function pthread_create exists in the pthreads failed with the following output:
Change Dir: /home/minieye/桌面/calib/build/CMakeFiles/CMakeTmp

Run Build Command:"/usr/bin/make" "cmTC_636ab/fast"
/usr/bin/make -f CMakeFiles/cmTC_636ab.dir/build.make CMakeFiles/cmTC_636ab.dir/build
make[1]: Entering directory '/home/minieye/桌面/calib/build/CMakeFiles/CMakeTmp'
Building C object CMakeFiles/cmTC_636ab.dir/CheckFunctionExists.c.o
/usr/bin/cc    -DCHECK_FUNCTION_EXISTS=pthread_create   -o CMakeFiles/cmTC_636ab.dir/CheckFunctionExists.c.o   -c /usr/share/cmake-3.5/Modules/CheckFunctionExists.c
Linking C executable cmTC_636ab
/usr/bin/cmake -E cmake_link_script CMakeFiles/cmTC_636ab.dir/link.txt --verbose=1
/usr/bin/cc   -DCHECK_FUNCTION_EXISTS=pthread_create    CMakeFiles/cmTC_636ab.dir/CheckFunctionExists.c.o  -o cmTC_636ab -rdynamic -lpthreads 
/usr/bin/ld: 找不到 -lpthreads
collect2: error: ld returned 1 exit status
CMakeFiles/cmTC_636ab.dir/build.make:97: recipe for target 'cmTC_636ab' failed
make[1]: *** [cmTC_636ab] Error 1
make[1]: Leaving directory '/home/minieye/桌面/calib/build/CMakeFiles/CMakeTmp'
Makefile:126: recipe for target 'cmTC_636ab/fast' failed
make: *** [cmTC_636ab/fast] Error 2


