Determining if the pthread_create exist failed with the following output:
Change Dir: /home/minieye/桌面/1202vls128/csv2pcd/csv2pcd/build/CMakeFiles/CMakeTmp

Run Build Command:"/usr/bin/make" "cmTC_3bfae/fast"
/usr/bin/make -f CMakeFiles/cmTC_3bfae.dir/build.make CMakeFiles/cmTC_3bfae.dir/build
make[1]: Entering directory '/home/minieye/桌面/1202vls128/csv2pcd/csv2pcd/build/CMakeFiles/CMakeTmp'
Building C object CMakeFiles/cmTC_3bfae.dir/CheckSymbolExists.c.o
/usr/bin/cc     -o CMakeFiles/cmTC_3bfae.dir/CheckSymbolExists.c.o   -c /home/minieye/桌面/1202vls128/csv2pcd/csv2pcd/build/CMakeFiles/CMakeTmp/CheckSymbolExists.c
Linking C executable cmTC_3bfae
/usr/bin/cmake -E cmake_link_script CMakeFiles/cmTC_3bfae.dir/link.txt --verbose=1
/usr/bin/cc       CMakeFiles/cmTC_3bfae.dir/CheckSymbolExists.c.o  -o cmTC_3bfae -rdynamic 
CMakeFiles/cmTC_3bfae.dir/CheckSymbolExists.c.o：在函数‘main’中：
CheckSymbolExists.c:(.text+0x16)：对‘pthread_create’未定义的引用
collect2: error: ld returned 1 exit status
CMakeFiles/cmTC_3bfae.dir/build.make:97: recipe for target 'cmTC_3bfae' failed
make[1]: *** [cmTC_3bfae] Error 1
make[1]: Leaving directory '/home/minieye/桌面/1202vls128/csv2pcd/csv2pcd/build/CMakeFiles/CMakeTmp'
Makefile:126: recipe for target 'cmTC_3bfae/fast' failed
make: *** [cmTC_3bfae/fast] Error 2

File /home/minieye/桌面/1202vls128/csv2pcd/csv2pcd/build/CMakeFiles/CMakeTmp/CheckSymbolExists.c:
/* */
#include <pthread.h>

int main(int argc, char** argv)
{
  (void)argv;
#ifndef pthread_create
  return ((int*)(&pthread_create))[argc];
#else
  (void)argc;
  return 0;
#endif
}

Determining if the function pthread_create exists in the pthreads failed with the following output:
Change Dir: /home/minieye/桌面/1202vls128/csv2pcd/csv2pcd/build/CMakeFiles/CMakeTmp

Run Build Command:"/usr/bin/make" "cmTC_1141d/fast"
/usr/bin/make -f CMakeFiles/cmTC_1141d.dir/build.make CMakeFiles/cmTC_1141d.dir/build
make[1]: Entering directory '/home/minieye/桌面/1202vls128/csv2pcd/csv2pcd/build/CMakeFiles/CMakeTmp'
Building C object CMakeFiles/cmTC_1141d.dir/CheckFunctionExists.c.o
/usr/bin/cc    -DCHECK_FUNCTION_EXISTS=pthread_create   -o CMakeFiles/cmTC_1141d.dir/CheckFunctionExists.c.o   -c /usr/share/cmake-3.5/Modules/CheckFunctionExists.c
Linking C executable cmTC_1141d
/usr/bin/cmake -E cmake_link_script CMakeFiles/cmTC_1141d.dir/link.txt --verbose=1
/usr/bin/cc   -DCHECK_FUNCTION_EXISTS=pthread_create    CMakeFiles/cmTC_1141d.dir/CheckFunctionExists.c.o  -o cmTC_1141d -rdynamic -lpthreads 
/usr/bin/ld: 找不到 -lpthreads
collect2: error: ld returned 1 exit status
CMakeFiles/cmTC_1141d.dir/build.make:97: recipe for target 'cmTC_1141d' failed
make[1]: *** [cmTC_1141d] Error 1
make[1]: Leaving directory '/home/minieye/桌面/1202vls128/csv2pcd/csv2pcd/build/CMakeFiles/CMakeTmp'
Makefile:126: recipe for target 'cmTC_1141d/fast' failed
make: *** [cmTC_1141d/fast] Error 2


